<?xml version="1.0" encoding="UTF-8"?>
<!-- Generated by org.testng.reporters.JUnitXMLReporter -->
<testsuite ignored="0" hostname="DESKTOP-GI358GT" failures="0" tests="4" name="Surefire test" time="0.067" errors="0" timestamp="2025-03-28T10:57:21 IST">
  <testcase classname="contact.ContactTest" name="createContactTest" time="0.004"/>
  <testcase classname="contact.ContactTest" name="modifyContactTest" time="0.001"/>
  <testcase classname="org.OrgTest" name="createOrgTest" time="0.001"/>
  <testcase classname="org.OrgTest" name="modifyOrgTest" time="0.001"/>
</testsuite> <!-- Surefire test -->
