<?xml version="1.0" encoding="UTF-8"?>
<!-- Generated by org.testng.reporters.JUnitXMLReporter -->
<testsuite ignored="0" hostname="DESKTOP-GI358GT" failures="0" tests="4" name="Surefire test" time="0.07" errors="0" timestamp="2025-03-27T17:34:45 IST">
  <testcase classname="contact.ContactTest" name="createContactTest" time="0.006"/>
  <testcase classname="contact.ContactTest" name="modifyContactTest" time="0.002"/>
  <testcase classname="org.OrgTest" name="createOrgTest" time="0.0"/>
  <testcase classname="org.OrgTest" name="modifyOrgTest" time="0.002"/>
</testsuite> <!-- Surefire test -->
