<?xml version="1.0" encoding="UTF-8"?>
<!-- Generated by org.testng.reporters.JUnitXMLReporter -->
<testsuite ignored="4" hostname="DESKTOP-GI358GT" failures="0" tests="2" name="Test" time="0.048" errors="0" timestamp="2025-03-28T11:35:09 IST">
  <testcase classname="contact.ContactTest" name="modifyContactTest" time="0.004"/>
  <testcase classname="org.OrgTest" name="modifyOrgTest" time="0.001"/>
  <testcase classname="contact.ContactTest" name="createContactTest" time="0.0">
    <ignored/>
  </testcase> <!-- createContactTest -->
  <testcase classname="org.OrgTest" name="createOrgTest" time="0.0">
    <ignored/>
  </testcase> <!-- createOrgTest -->
  <testcase classname="contact.ContactTest" name="deleteContactTest" time="0.0">
    <ignored/>
  </testcase> <!-- deleteContactTest -->
  <testcase classname="org.OrgTest" name="deleteOrgTest" time="0.0">
    <ignored/>
  </testcase> <!-- deleteOrgTest -->
</testsuite> <!-- Test -->
