<?xml version="1.0" encoding="UTF-8"?>
<!-- Generated by org.testng.reporters.JUnitXMLReporter -->
<testsuite ignored="2" hostname="DESKTOP-GI358GT" failures="0" tests="2" name="Test" time="0.065" errors="0" timestamp="2025-03-27T17:39:41 IST">
  <testcase classname="contact.ContactTest" name="modifyContactTest" time="0.006"/>
  <testcase classname="org.OrgTest" name="modifyOrgTest" time="0.002"/>
  <testcase classname="org.OrgTest" name="createOrgTest" time="0.0">
    <ignored/>
  </testcase> <!-- createOrgTest -->
  <testcase classname="contact.ContactTest" name="createContactTest" time="0.0">
    <ignored/>
  </testcase> <!-- createContactTest -->
</testsuite> <!-- Test -->
