<?xml version="1.0" encoding="UTF-8"?>
<testng-results ignored="4" total="6" passed="2" failed="0" skipped="0">
  <reporter-output>
  </reporter-output>
  <suite started-at="2025-03-28T11:35:09 IST" name="Suite" finished-at="2025-03-28T11:35:09 IST" duration-ms="48">
    <groups>
      <group name="Smoke">
        <method signature="ContactTest.modifyContactTest()[pri:0, instance:contact.ContactTest@4c9f8c13]" name="modifyContactTest" class="contact.ContactTest"/>
        <method signature="OrgTest.modifyOrgTest()[pri:0, instance:org.OrgTest@418e7838]" name="modifyOrgTest" class="org.OrgTest"/>
      </group> <!-- Smoke -->
    </groups>
    <test started-at="2025-03-28T11:35:09 IST" name="Test" finished-at="2025-03-28T11:35:09 IST" duration-ms="48">
      <class name="contact.ContactTest">
        <test-method signature="modifyContactTest()[pri:0, instance:contact.ContactTest@4c9f8c13]" started-at="2025-03-28T11:35:09 IST" name="modifyContactTest" finished-at="2025-03-28T11:35:09 IST" duration-ms="4" status="PASS">
          <reporter-output>
          </reporter-output>
        </test-method> <!-- modifyContactTest -->
      </class> <!-- contact.ContactTest -->
      <class name="org.OrgTest">
        <test-method signature="modifyOrgTest()[pri:0, instance:org.OrgTest@418e7838]" started-at="2025-03-28T11:35:09 IST" name="modifyOrgTest" finished-at="2025-03-28T11:35:09 IST" duration-ms="1" status="PASS">
          <reporter-output>
          </reporter-output>
        </test-method> <!-- modifyOrgTest -->
      </class> <!-- org.OrgTest -->
    </test> <!-- Test -->
  </suite> <!-- Suite -->
</testng-results>
