<?xml version="1.0" encoding="UTF-8"?>
<testng-results ignored="2" total="6" passed="4" failed="0" skipped="0">
  <reporter-output>
  </reporter-output>
  <suite started-at="2025-03-28T11:33:06 IST" name="Suite" finished-at="2025-03-28T11:33:06 IST" duration-ms="60">
    <groups>
      <group name="Regression">
        <method signature="ContactTest.createContactTest()[pri:0, instance:contact.ContactTest@4c9f8c13]" name="createContactTest" class="contact.ContactTest"/>
        <method signature="ContactTest.deleteContactTest()[pri:0, instance:contact.ContactTest@4c9f8c13]" name="deleteContactTest" class="contact.ContactTest"/>
        <method signature="OrgTest.createOrgTest()[pri:0, instance:org.OrgTest@418e7838]" name="createOrgTest" class="org.OrgTest"/>
        <method signature="OrgTest.deleteOrgTest()[pri:0, instance:org.OrgTest@418e7838]" name="deleteOrgTest" class="org.OrgTest"/>
      </group> <!-- Regression -->
    </groups>
    <test started-at="2025-03-28T11:33:06 IST" name="Test" finished-at="2025-03-28T11:33:06 IST" duration-ms="60">
      <class name="contact.ContactTest">
        <test-method signature="createContactTest()[pri:0, instance:contact.ContactTest@4c9f8c13]" started-at="2025-03-28T11:33:06 IST" name="createContactTest" finished-at="2025-03-28T11:33:06 IST" duration-ms="4" status="PASS">
          <reporter-output>
          </reporter-output>
        </test-method> <!-- createContactTest -->
        <test-method signature="deleteContactTest()[pri:0, instance:contact.ContactTest@4c9f8c13]" started-at="2025-03-28T11:33:06 IST" name="deleteContactTest" finished-at="2025-03-28T11:33:06 IST" duration-ms="0" status="PASS">
          <reporter-output>
          </reporter-output>
        </test-method> <!-- deleteContactTest -->
      </class> <!-- contact.ContactTest -->
      <class name="org.OrgTest">
        <test-method signature="createOrgTest()[pri:0, instance:org.OrgTest@418e7838]" started-at="2025-03-28T11:33:06 IST" name="createOrgTest" finished-at="2025-03-28T11:33:06 IST" duration-ms="1" status="PASS">
          <reporter-output>
          </reporter-output>
        </test-method> <!-- createOrgTest -->
        <test-method signature="deleteOrgTest()[pri:0, instance:org.OrgTest@418e7838]" started-at="2025-03-28T11:33:06 IST" name="deleteOrgTest" finished-at="2025-03-28T11:33:06 IST" duration-ms="3" status="PASS">
          <reporter-output>
          </reporter-output>
        </test-method> <!-- deleteOrgTest -->
      </class> <!-- org.OrgTest -->
    </test> <!-- Test -->
  </suite> <!-- Suite -->
</testng-results>
